<?xml version="1.0" encoding="UTF-8"?>
<!-- Generated by org.testng.reporters.JUnitReportReporter -->
<testsuite hostname="lhz" name="com.edu.test.BaiduTest" tests="1" failures="0" timestamp="24 Oct 2016 09:17:05 GMT" time="9.056" errors="0">
  <testcase name="testSearch12" time="9.056" classname="com.edu.test.BaiduTest"/>
</testsuite> <!-- com.edu.test.BaiduTest -->
